<?xml version="1.0" encoding="UTF-8"?>
<!-- Generated by org.testng.reporters.JUnitReportReporter -->
<testsuite skipped="0" hostname="Deelap" name="com.deepak.testcases.PrintNameTest" tests="1" failures="0" timestamp="10 Jun 2019 19:41:34 GMT" time="0.006" errors="0">
  <testcase name="printNameTest" time="0.006" classname="com.deepak.testcases.PrintNameTest"/>
</testsuite> <!-- com.deepak.testcases.PrintNameTest -->
