<?xml version="1.0" encoding="UTF-8"?>
<!-- Generated by org.testng.reporters.JUnitReportReporter -->
<testsuite skipped="2" hostname="Deelap" name="com.deepak.testcases.AddCustomerTest" tests="2" failures="0" timestamp="16 Jun 2019 09:03:38 GMT" time="0.003" errors="0">
  <testcase name="addCustomerTest" time="0.001" classname="com.deepak.testcases.AddCustomerTest">
    <skipped/>
  </testcase> <!-- addCustomerTest -->
  <testcase name="addCustomerTest" time="0.002" classname="com.deepak.testcases.AddCustomerTest">
    <skipped/>
  </testcase> <!-- addCustomerTest -->
</testsuite> <!-- com.deepak.testcases.AddCustomerTest -->
