<?xml version="1.0" encoding="UTF-8"?>
<!-- Generated by org.testng.reporters.JUnitReportReporter -->
<testsuite skipped="0" hostname="Deelap" name="com.deepak.testcases.Login" tests="1" failures="0" timestamp="21 May 2019 19:29:37 GMT" time="6.769" errors="0">
  <testcase name="loginToBankManager" time="6.769" classname="com.deepak.testcases.Login"/>
</testsuite> <!-- com.deepak.testcases.Login -->
