<?xml version="1.0" encoding="UTF-8"?>
<!-- Generated by org.testng.reporters.JUnitReportReporter -->
<testsuite skipped="0" hostname="Deelap" name="com.deepak.testcases.TwtLoginTest" tests="1" failures="0" timestamp="16 Jun 2019 09:03:38 GMT" time="15.768" errors="0">
  <testcase name="twtLoginTest" time="15.768" classname="com.deepak.testcases.TwtLoginTest"/>
</testsuite> <!-- com.deepak.testcases.TwtLoginTest -->
