<?xml version="1.0" encoding="UTF-8"?>
<!-- Generated by org.testng.reporters.JUnitReportReporter -->
<testsuite skipped="1" hostname="Deelap" name="com.deepak.testcases.BankManagerLoginTest" tests="1" failures="0" timestamp="02 Jun 2019 08:20:16 GMT" time="0.000" errors="0">
  <testcase name="bankManagerLoginTest" time="0.000" classname="com.deepak.testcases.BankManagerLoginTest">
    <skipped/>
  </testcase> <!-- bankManagerLoginTest -->
</testsuite> <!-- com.deepak.testcases.BankManagerLoginTest -->
