<?xml version="1.0" encoding="UTF-8"?>
<!-- Generated by org.testng.reporters.JUnitReportReporter -->
<testsuite skipped="0" hostname="Deelap" name="com.deepak.testcases.BankManagerLoginTest" tests="1" failures="0" timestamp="27 May 2019 16:54:48 GMT" time="5.660" errors="0">
  <testcase name="loginToBankManager" time="5.660" classname="com.deepak.testcases.BankManagerLoginTest"/>
</testsuite> <!-- com.deepak.testcases.BankManagerLoginTest -->
