<?xml version="1.0" encoding="UTF-8"?>
<!-- Generated by org.testng.reporters.JUnitReportReporter -->
<testsuite skipped="1" hostname="Deelap" name="com.deepak.testcases.BankManagerLoginTest" tests="1" failures="0" timestamp="16 Jun 2019 09:03:38 GMT" time="0.014" errors="0">
  <testcase name="bankManagerLoginTest" time="0.014" classname="com.deepak.testcases.BankManagerLoginTest">
    <skipped/>
  </testcase> <!-- bankManagerLoginTest -->
</testsuite> <!-- com.deepak.testcases.BankManagerLoginTest -->
