<?xml version="1.0" encoding="UTF-8"?>
<!-- Generated by org.testng.reporters.JUnitReportReporter -->
<testsuite skipped="0" hostname="Deelap" name="com.deepak.testcases.AddCustomerTest" tests="2" failures="0" timestamp="23 May 2019 19:52:46 GMT" time="10.756" errors="0">
  <testcase name="addCustomer" time="5.485" classname="com.deepak.testcases.AddCustomerTest"/>
  <testcase name="addCustomer" time="5.271" classname="com.deepak.testcases.AddCustomerTest"/>
</testsuite> <!-- com.deepak.testcases.AddCustomerTest -->
