<?xml version="1.0" encoding="UTF-8"?>
<!-- Generated by org.testng.reporters.JUnitReportReporter -->
<testsuite skipped="2" hostname="Deelap" name="com.deepak.testcases.AddCustomerTest" tests="2" failures="0" timestamp="02 Jun 2019 08:20:16 GMT" time="0.000" errors="0">
  <testcase name="addCustomerTest" time="0.000" classname="com.deepak.testcases.AddCustomerTest">
    <skipped/>
  </testcase> <!-- addCustomerTest -->
  <testcase name="addCustomerTest" time="0.000" classname="com.deepak.testcases.AddCustomerTest">
    <skipped/>
  </testcase> <!-- addCustomerTest -->
</testsuite> <!-- com.deepak.testcases.AddCustomerTest -->
