<?xml version="1.0" encoding="UTF-8"?>
<!-- Generated by org.testng.reporters.JUnitReportReporter -->
<testsuite skipped="1" hostname="Deelap" name="com.deepak.testcases.OpenAccountTest" tests="1" failures="0" timestamp="16 Jun 2019 09:03:38 GMT" time="0.001" errors="0">
  <testcase name="openAccountTest" time="0.001" classname="com.deepak.testcases.OpenAccountTest">
    <skipped/>
  </testcase> <!-- openAccountTest -->
</testsuite> <!-- com.deepak.testcases.OpenAccountTest -->
